<?xml version="1.0" encoding="UTF-8"?>
<!-- Generated by org.testng.reporters.JUnitReportReporter -->
<testsuite skipped="0" hostname="DBS-NOTE-228" name="com.grocerycrud.com.GroceryCrudTests" tests="8" failures="0" timestamp="2020-05-19T00:16:56 BRT" time="20.985" errors="0">
  <testcase name="deveCadastrarContato" time="0.524" classname="com.grocerycrud.com.GroceryCrudTests"/>
  <system-out/>
  <testcase name="deveCadastrarNome" time="0.537" classname="com.grocerycrud.com.GroceryCrudTests"/>
  <system-out/>
  <testcase name="deveCadastrarCreditInfo" time="0.904" classname="com.grocerycrud.com.GroceryCrudTests"/>
  <system-out/>
  <testcase name="deveCadastrarComSucesso" time="1.468" classname="com.grocerycrud.com.GroceryCrudTests"/>
  <system-out/>
  <testcase name="deveDeletarCustomer" time="12.464" classname="com.grocerycrud.com.GroceryCrudTests"/>
  <system-out/>
  <testcase name="deveAbrirAddCostumer" time="1.470" classname="com.grocerycrud.com.GroceryCrudTests"/>
  <system-out/>
  <testcase name="deveCadastrarEndereco" time="0.975" classname="com.grocerycrud.com.GroceryCrudTests"/>
  <system-out/>
  <testcase name="deveAlterarTema" time="2.643" classname="com.grocerycrud.com.GroceryCrudTests"/>
  <system-out/>
</testsuite> <!-- com.grocerycrud.com.GroceryCrudTests -->
